[Info] Semilla global fijada en: 151
--- Iniciando Entrenamiento Baseline (Seed: 151) ---
--- Tarea: POKEDEX ---
--- Splitting by GENERATION ---
Train Classes: 309 | Test Classes: 107 | Validation Classes: 77

--- Configurando Baseline Dataloaders (Task: POKEDEX) ---
Baseline Pokedex: 309 clases (Especies).
Clases de salida detectadas: 309
Epoch 1/30 | Time: 5.3s
  Train Loss: 6.5850 | Train Acc: 0.28%
  Val Loss:   6.2826 | Val Acc:   0.42%
  --> Modelo guardado en baseline_pokedex_seed151.pth
Epoch 2/30 | Time: 4.6s
  Train Loss: 6.1989 | Train Acc: 0.24%
  Val Loss:   6.0507 | Val Acc:   0.14%
Epoch 3/30 | Time: 4.7s
  Train Loss: 6.0040 | Train Acc: 0.31%
  Val Loss:   5.8127 | Val Acc:   0.56%
  --> Modelo guardado en baseline_pokedex_seed151.pth
Epoch 4/30 | Time: 4.8s
  Train Loss: 5.5007 | Train Acc: 1.88%
  Val Loss:   5.4775 | Val Acc:   2.65%
  --> Modelo guardado en baseline_pokedex_seed151.pth
Epoch 5/30 | Time: 5.0s
  Train Loss: 4.8032 | Train Acc: 5.96%
  Val Loss:   5.0745 | Val Acc:   5.01%
  --> Modelo guardado en baseline_pokedex_seed151.pth
Epoch 6/30 | Time: 4.5s
  Train Loss: 4.2204 | Train Acc: 12.13%
  Val Loss:   4.7941 | Val Acc:   9.05%
  --> Modelo guardado en baseline_pokedex_seed151.pth
Epoch 7/30 | Time: 4.1s
  Train Loss: 3.7324 | Train Acc: 18.75%
  Val Loss:   4.5844 | Val Acc:   12.26%
  --> Modelo guardado en baseline_pokedex_seed151.pth
Epoch 8/30 | Time: 4.6s
  Train Loss: 3.2081 | Train Acc: 28.19%
  Val Loss:   4.2445 | Val Acc:   16.85%
  --> Modelo guardado en baseline_pokedex_seed151.pth
Epoch 9/30 | Time: 4.4s
  Train Loss: 2.7685 | Train Acc: 35.05%
  Val Loss:   4.1833 | Val Acc:   21.17%
  --> Modelo guardado en baseline_pokedex_seed151.pth
Epoch 10/30 | Time: 4.9s
  Train Loss: 2.3077 | Train Acc: 44.67%
  Val Loss:   3.8614 | Val Acc:   28.13%
  --> Modelo guardado en baseline_pokedex_seed151.pth
Epoch 11/30 | Time: 5.0s
  Train Loss: 1.8542 | Train Acc: 52.44%
  Val Loss:   3.5490 | Val Acc:   32.45%
  --> Modelo guardado en baseline_pokedex_seed151.pth
Epoch 12/30 | Time: 4.2s
  Train Loss: 1.4143 | Train Acc: 62.68%
  Val Loss:   3.1872 | Val Acc:   39.00%
  --> Modelo guardado en baseline_pokedex_seed151.pth
Epoch 13/30 | Time: 4.4s
  Train Loss: 1.0537 | Train Acc: 71.53%
  Val Loss:   2.9528 | Val Acc:   47.63%
  --> Modelo guardado en baseline_pokedex_seed151.pth
Epoch 14/30 | Time: 5.0s
  Train Loss: 0.7798 | Train Acc: 78.95%
  Val Loss:   2.9066 | Val Acc:   47.91%
  --> Modelo guardado en baseline_pokedex_seed151.pth
Epoch 15/30 | Time: 4.7s
  Train Loss: 0.5685 | Train Acc: 84.43%
  Val Loss:   2.6578 | Val Acc:   55.57%
  --> Modelo guardado en baseline_pokedex_seed151.pth
Epoch 16/30 | Time: 4.6s
  Train Loss: 0.3864 | Train Acc: 89.55%
  Val Loss:   2.7277 | Val Acc:   53.76%
Epoch 17/30 | Time: 4.9s
  Train Loss: 0.3096 | Train Acc: 91.74%
  Val Loss:   2.6485 | Val Acc:   57.38%
  --> Modelo guardado en baseline_pokedex_seed151.pth
Epoch 18/30 | Time: 4.7s
  Train Loss: 0.2328 | Train Acc: 93.52%
  Val Loss:   2.5490 | Val Acc:   58.08%
  --> Modelo guardado en baseline_pokedex_seed151.pth
Epoch 19/30 | Time: 5.1s
  Train Loss: 0.1953 | Train Acc: 94.29%
  Val Loss:   2.7157 | Val Acc:   56.82%
Epoch 20/30 | Time: 4.6s
  Train Loss: 0.1611 | Train Acc: 95.61%
  Val Loss:   2.5401 | Val Acc:   60.72%
  --> Modelo guardado en baseline_pokedex_seed151.pth
Epoch 21/30 | Time: 5.0s
  Train Loss: 0.1318 | Train Acc: 96.48%
  Val Loss:   2.5150 | Val Acc:   59.47%
Epoch 22/30 | Time: 5.0s
  Train Loss: 0.1138 | Train Acc: 97.14%
  Val Loss:   2.5707 | Val Acc:   62.40%
  --> Modelo guardado en baseline_pokedex_seed151.pth
Epoch 23/30 | Time: 4.5s
  Train Loss: 0.0776 | Train Acc: 98.15%
  Val Loss:   2.5533 | Val Acc:   61.98%
Epoch 24/30 | Time: 4.3s
  Train Loss: 0.0713 | Train Acc: 98.29%
  Val Loss:   2.5112 | Val Acc:   61.56%
Epoch 25/30 | Time: 4.7s
  Train Loss: 0.0616 | Train Acc: 98.64%
  Val Loss:   2.5816 | Val Acc:   63.09%
  --> Modelo guardado en baseline_pokedex_seed151.pth
Epoch 26/30 | Time: 4.6s
  Train Loss: 0.0567 | Train Acc: 98.57%
  Val Loss:   2.5049 | Val Acc:   62.67%
Epoch 27/30 | Time: 4.8s
  Train Loss: 0.0379 | Train Acc: 99.23%
  Val Loss:   2.5579 | Val Acc:   63.65%
  --> Modelo guardado en baseline_pokedex_seed151.pth
Epoch 28/30 | Time: 4.2s
  Train Loss: 0.0467 | Train Acc: 98.85%
  Val Loss:   2.5416 | Val Acc:   63.09%
Epoch 29/30 | Time: 4.6s
  Train Loss: 0.0443 | Train Acc: 98.99%
  Val Loss:   2.5125 | Val Acc:   63.65%
Epoch 30/30 | Time: 4.6s
  Train Loss: 0.0320 | Train Acc: 99.55%
  Val Loss:   2.4541 | Val Acc:   65.04%
  --> Modelo guardado en baseline_pokedex_seed151.pth

Entrenamiento finalizado. Mejor Val Acc: 65.04%
[Info] Gráfico guardado en: curves_pokedex_seed151.png
